<?xml version="1.0" encoding="UTF-8"?>
<!-- Generated by org.testng.reporters.JUnitReportReporter -->
<testsuite skipped="0" hostname="Harini-PC" name="common.AdminLogin" tests="1" failures="0" timestamp="22 Nov 2018 11:22:40 GMT" time="26.487" errors="0">
  <testcase name="AdminLogin" time="26.487" classname="common.AdminLogin"/>
</testsuite> <!-- common.AdminLogin -->
