<?xml version="1.0" encoding="UTF-8"?>
<!-- Generated by org.testng.reporters.JUnitReportReporter -->
<testsuite skipped="0" hostname="Harini-PC" name="common.HowToGetRowDataFromDynamicWebTable" tests="1" failures="0" timestamp="22 Nov 2018 11:35:40 GMT" time="7.658" errors="0">
  <testcase name="enterText" time="7.658" classname="common.HowToGetRowDataFromDynamicWebTable"/>
</testsuite> <!-- common.HowToGetRowDataFromDynamicWebTable -->
