<?xml version="1.0" encoding="UTF-8"?>
<!-- Generated by org.testng.reporters.JUnitReportReporter -->
<testsuite skipped="0" hostname="Raju-PC" name="Popup" tests="1" failures="0" timestamp="19 Nov 2018 17:19:16 GMT" time="9.085" errors="0">
  <testcase name="Popup" time="9.085" classname="Popup"/>
</testsuite> <!-- Popup -->
