<?xml version="1.0" encoding="UTF-8"?>
<!-- Generated by org.testng.reporters.JUnitReportReporter -->
<testsuite hostname="Harini-PC" name="ZoomInZoomOutInSelenium" tests="1" failures="0" timestamp="19 Nov 2018 13:14:42 GMT" time="26.783" errors="0">
  <testcase name="zoomInZoomOutInSelenium" time="26.783" classname="ZoomInZoomOutInSelenium"/>
</testsuite> <!-- ZoomInZoomOutInSelenium -->
