<?xml version="1.0" encoding="UTF-8"?>
<!-- Generated by org.testng.reporters.JUnitReportReporter -->
<testsuite skipped="0" hostname="Harini-PC" name="common.calender" tests="1" failures="0" timestamp="22 Nov 2018 11:24:25 GMT" time="15.388" errors="0">
  <testcase name="enterText" time="15.388" classname="common.calender"/>
</testsuite> <!-- common.calender -->
