<?xml version="1.0" encoding="UTF-8"?>
<!-- Generated by org.testng.reporters.JUnitReportReporter -->
<testsuite skipped="0" hostname="Harini-PC" name="common.Frames" tests="1" failures="0" timestamp="22 Nov 2018 11:29:09 GMT" time="23.773" errors="0">
  <testcase name="Frames" time="23.773" classname="common.Frames"/>
</testsuite> <!-- common.Frames -->
