<?xml version="1.0" encoding="UTF-8"?>
<!-- Generated by org.testng.reporters.JUnitReportReporter -->
<testsuite skipped="0" hostname="Harini-PC" name="common.HowToHandelCalendarORTextBoxORSelectBox" tests="1" failures="0" timestamp="22 Nov 2018 12:59:42 GMT" time="25.181" errors="0">
  <testcase name="enterText" time="25.181" classname="common.HowToHandelCalendarORTextBoxORSelectBox"/>
</testsuite> <!-- common.HowToHandelCalendarORTextBoxORSelectBox -->
