<?xml version="1.0" encoding="UTF-8"?>
<!-- Generated by org.testng.reporters.JUnitReportReporter -->
<testsuite hostname="Harini-PC" name="calender" tests="1" failures="0" timestamp="19 Nov 2018 13:01:47 GMT" time="13.857" errors="0">
  <testcase name="enterText" time="13.857" classname="calender"/>
</testsuite> <!-- calender -->
