<?xml version="1.0" encoding="UTF-8"?>
<!-- Generated by org.testng.reporters.JUnitReportReporter -->
<testsuite skipped="0" hostname="Harini-PC" name="common.HowToHandelCalendarInSelenium" tests="1" failures="0" timestamp="22 Nov 2018 11:54:12 GMT" time="18.484" errors="0">
  <testcase name="enterText" time="18.484" classname="common.HowToHandelCalendarInSelenium"/>
</testsuite> <!-- common.HowToHandelCalendarInSelenium -->
