<?xml version="1.0" encoding="UTF-8"?>
<!-- Generated by org.testng.reporters.JUnitReportReporter -->
<testsuite skipped="0" hostname="Harini-PC" name="common.HowToGetMaxPriceFromDynamicWebTable" tests="1" failures="0" timestamp="22 Nov 2018 11:33:16 GMT" time="20.203" errors="0">
  <testcase name="enterText" time="20.203" classname="common.HowToGetMaxPriceFromDynamicWebTable"/>
</testsuite> <!-- common.HowToGetMaxPriceFromDynamicWebTable -->
