<?xml version="1.0" encoding="UTF-8"?>
<!-- Generated by org.testng.reporters.JUnitReportReporter -->
<testsuite skipped="0" hostname="Raju-PC" name="CheckBox" tests="1" failures="0" timestamp="19 Nov 2018 17:10:15 GMT" time="102.336" errors="0">
  <testcase name="checkBox" time="102.336" classname="CheckBox"/>
</testsuite> <!-- CheckBox -->
