<?xml version="1.0" encoding="UTF-8"?>
<!-- Generated by org.testng.reporters.JUnitReportReporter -->
<testsuite skipped="0" hostname="Harini-PC" name="common.CheckBox" tests="1" failures="0" timestamp="22 Nov 2018 11:23:38 GMT" time="36.618" errors="0">
  <testcase name="checkBox" time="36.618" classname="common.CheckBox"/>
</testsuite> <!-- common.CheckBox -->
