<?xml version="1.0" encoding="UTF-8"?>
<!-- Generated by org.testng.reporters.JUnitReportReporter -->
<testsuite hostname="Harini-PC" name="HowToSelectDataFromSelectbox" tests="1" failures="0" timestamp="19 Nov 2018 11:53:51 GMT" time="12.704" errors="0">
  <testcase name="enterText" time="12.704" classname="HowToSelectDataFromSelectbox"/>
</testsuite> <!-- HowToSelectDataFromSelectbox -->
