<?xml version="1.0" encoding="UTF-8"?>
<!-- Generated by org.testng.reporters.JUnitReportReporter -->
<testsuite skipped="0" hostname="Harini-PC" name="common.HowToGetAllLinksFromWebPage" tests="1" failures="0" timestamp="22 Nov 2018 11:30:37 GMT" time="19.612" errors="0">
  <testcase name="enterText" time="19.612" classname="common.HowToGetAllLinksFromWebPage"/>
</testsuite> <!-- common.HowToGetAllLinksFromWebPage -->
