<?xml version="1.0" encoding="UTF-8"?>
<!-- Generated by org.testng.reporters.JUnitReportReporter -->
<testsuite skipped="0" hostname="Raju-PC" name="AdminLogin" tests="1" failures="0" timestamp="19 Nov 2018 16:51:23 GMT" time="13.745" errors="0">
  <testcase name="AdminLogin" time="13.745" classname="AdminLogin"/>
</testsuite> <!-- AdminLogin -->
