<?xml version="1.0" encoding="UTF-8"?>
<!-- Generated by org.testng.reporters.JUnitReportReporter -->
<testsuite skipped="0" hostname="Harini-PC" name="common.HowToGetRowsAndColumnsFromWebtable" tests="1" failures="0" timestamp="22 Nov 2018 11:49:58 GMT" time="4.808" errors="0">
  <testcase name="enterText" time="4.808" classname="common.HowToGetRowsAndColumnsFromWebtable"/>
</testsuite> <!-- common.HowToGetRowsAndColumnsFromWebtable -->
